Writing pidfile eg/proserver.pagoda.psyphi.net.pid
Server 2632 has begun listening on :9000
 at /usr/local/lib/perl5/site_perl/5.8.8/POE/Session.pm line 484
Exited fork at /usr/local/lib/perl5/site_perl/5.8.8/POE/Session.pm line 484
Use of uninitialized value in pattern match (m//) at blib/lib/Bio/Das/ProServer.pm line 775.
Use of uninitialized value in -f at blib/lib/Bio/Das/ProServer.pm line 776.
Use of uninitialized value in pattern match (m//) at blib/lib/Bio/Das/ProServer.pm line 775.
Use of uninitialized value in -f at blib/lib/Bio/Das/ProServer.pm line 776.
Use of uninitialized value in pattern match (m//) at blib/lib/Bio/Das/ProServer.pm line 775.
Use of uninitialized value in -f at blib/lib/Bio/Das/ProServer.pm line 776.
Use of uninitialized value in pattern match (m//) at blib/lib/Bio/Das/ProServer.pm line 775.
Use of uninitialized value in -f at blib/lib/Bio/Das/ProServer.pm line 776.
Use of uninitialized value in pattern match (m//) at blib/lib/Bio/Das/ProServer.pm line 775.
Use of uninitialized value in -f at blib/lib/Bio/Das/ProServer.pm line 776.
Use of uninitialized value in pattern match (m//) at blib/lib/Bio/Das/ProServer.pm line 775.
Use of uninitialized value in -f at blib/lib/Bio/Das/ProServer.pm line 776.
Use of uninitialized value in pattern match (m//) at blib/lib/Bio/Das/ProServer.pm line 775.
Use of uninitialized value in -f at blib/lib/Bio/Das/ProServer.pm line 776.
Use of uninitialized value in pattern match (m//) at blib/lib/Bio/Das/ProServer.pm line 775.
Use of uninitialized value in -f at blib/lib/Bio/Das/ProServer.pm line 776.
Use of uninitialized value in pattern match (m//) at blib/lib/Bio/Das/ProServer.pm line 775.
Use of uninitialized value in -f at blib/lib/Bio/Das/ProServer.pm line 776.
Use of uninitialized value in pattern match (m//) at blib/lib/Bio/Das/ProServer.pm line 775.
Use of uninitialized value in -f at blib/lib/Bio/Das/ProServer.pm line 776.
Child process PID:2641 reaped: 
Child process PID:2640 reaped: 
Child process PID:2639 reaped: 
Child process PID:2638 reaped: 
Child process PID:2637 reaped: 
Child process PID:2636 reaped: 
Child process PID:2635 reaped: 
Child process PID:2633 reaped: 
Child process PID:2634 reaped: 
