Writing pidfile eg/proserver.guest207.wtgc.org.pid
Server 5207 has begun listening on :9000
 at /usr/local/lib/perl5/site_perl/5.8.8/POE/Session.pm line 484
Exited fork at /usr/local/lib/perl5/site_perl/5.8.8/POE/Session.pm line 484
Odd number of elements in anonymous hash at blib/lib/Bio/Das/ProServer.pm line 476.
Odd number of elements in anonymous hash at blib/lib/Bio/Das/ProServer.pm line 476.
Could not open /path/to/genelist.txt at blib/lib/Bio/Das/ProServer/SourceAdaptor/Transport/file.pm line 35.
 at /usr/local/lib/perl5/site_perl/5.8.8/POE/Session.pm line 484
Use of uninitialized value in pattern match (m//) at blib/lib/Bio/Das/ProServer.pm line 775.
Use of uninitialized value in -f at blib/lib/Bio/Das/ProServer.pm line 776.
Use of uninitialized value in pattern match (m//) at blib/lib/Bio/Das/ProServer.pm line 775.
Use of uninitialized value in -f at blib/lib/Bio/Das/ProServer.pm line 776.
Use of uninitialized value in pattern match (m//) at blib/lib/Bio/Das/ProServer.pm line 775.
Use of uninitialized value in -f at blib/lib/Bio/Das/ProServer.pm line 776.
Use of uninitialized value in pattern match (m//) at blib/lib/Bio/Das/ProServer.pm line 775.
Use of uninitialized value in -f at blib/lib/Bio/Das/ProServer.pm line 776.
Child process PID:5213 reaped: 
Child process PID:5209 reaped: 
Use of uninitialized value in pattern match (m//) at blib/lib/Bio/Das/ProServer.pm line 775.
Use of uninitialized value in -f at blib/lib/Bio/Das/ProServer.pm line 776.
Use of uninitialized value in pattern match (m//) at blib/lib/Bio/Das/ProServer.pm line 775.
Use of uninitialized value in -f at blib/lib/Bio/Das/ProServer.pm line 776.
Use of uninitialized value in pattern match (m//) at blib/lib/Bio/Das/ProServer.pm line 775.
Use of uninitialized value in -f at blib/lib/Bio/Das/ProServer.pm line 776.
Use of uninitialized value in pattern match (m//) at blib/lib/Bio/Das/ProServer.pm line 775.
Use of uninitialized value in -f at blib/lib/Bio/Das/ProServer.pm line 776.
Use of uninitialized value in pattern match (m//) at blib/lib/Bio/Das/ProServer.pm line 775.
Use of uninitialized value in -f at blib/lib/Bio/Das/ProServer.pm line 776.
Use of uninitialized value in pattern match (m//) at blib/lib/Bio/Das/ProServer.pm line 775.
Use of uninitialized value in -f at blib/lib/Bio/Das/ProServer.pm line 776.
Child process PID:5212 reaped: 
Child process PID:5214 reaped: 
Child process PID:5210 reaped: 
Child process PID:5208 reaped: 
Child process PID:5215 reaped: 
Child process PID:5211 reaped: 
Child process PID:5216 reaped: 
